[0m19:47:34.092114 [debug] [MainThread]: Sending event: {'category': 'dbt', 'action': 'invocation', 'label': 'start', 'context': [<snowplow_tracker.self_describing_json.SelfDescribingJson object at 0x750e5356a0b0>, <snowplow_tracker.self_describing_json.SelfDescribingJson object at 0x750e53569210>, <snowplow_tracker.self_describing_json.SelfDescribingJson object at 0x750e53484f40>]}


============================== 19:47:34.105787 | 9f719181-71fc-4e51-9ca3-c2595b82cc89 ==============================
[0m19:47:34.105787 [info ] [MainThread]: Running with dbt=1.7.11
[0m19:47:34.106329 [debug] [MainThread]: running dbt with arguments {'printer_width': '80', 'indirect_selection': 'eager', 'write_json': 'True', 'log_cache_events': 'False', 'partial_parse': 'True', 'cache_selected_only': 'False', 'profiles_dir': '/home/miros/.dbt', 'fail_fast': 'False', 'debug': 'False', 'log_path': 'logs', 'version_check': 'True', 'warn_error': 'None', 'use_colors': 'True', 'use_experimental_parser': 'False', 'no_print': 'None', 'quiet': 'False', 'log_format': 'default', 'static_parser': 'True', 'warn_error_options': 'WarnErrorOptions(include=[], exclude=[])', 'introspect': 'True', 'target_path': 'None', 'invocation_command': 'dbt init', 'send_anonymous_usage_stats': 'True'}
[0m19:48:57.704616 [debug] [MainThread]: Starter project path: /home/miros/.cache/pypoetry/virtualenvs/bg-ecommerce-0recqSCC-py3.10/lib/python3.10/site-packages/dbt/include/starter_project
[0m19:48:57.710372 [info ] [MainThread]: 
Your new dbt project "dbt_ecommerce" was created!

For more information on how to configure the profiles.yml file,
please consult the dbt documentation here:

  https://docs.getdbt.com/docs/configure-your-profile

One more thing:

Need help? Don't hesitate to reach out to us via GitHub issues or on Slack:

  https://community.getdbt.com/

Happy modeling!

[0m19:48:57.710812 [info ] [MainThread]: Setting up your profile.
[0m19:50:48.855770 [info ] [MainThread]: Profile dbt_ecommerce written to /home/miros/.dbt/profiles.yml using target's profile_template.yml and your supplied values. Run 'dbt debug' to validate the connection.
[0m19:50:48.856969 [debug] [MainThread]: Resource report: {"command_name": "init", "command_success": true, "command_wall_clock_time": 194.8301, "process_user_time": 4.505707, "process_kernel_time": 0.534099, "process_mem_max_rss": "187220", "process_in_blocks": "944", "process_out_blocks": "51088"}
[0m19:50:48.857631 [debug] [MainThread]: Command `dbt init` succeeded at 19:50:48.857477 after 194.83 seconds
[0m19:50:48.858114 [debug] [MainThread]: Sending event: {'category': 'dbt', 'action': 'invocation', 'label': 'end', 'context': [<snowplow_tracker.self_describing_json.SelfDescribingJson object at 0x750e534874f0>, <snowplow_tracker.self_describing_json.SelfDescribingJson object at 0x750e37bb4b50>, <snowplow_tracker.self_describing_json.SelfDescribingJson object at 0x750e555ce8c0>]}
[0m19:50:48.858582 [debug] [MainThread]: Flushing usage events
